[2020-06-21T11:48:40.384] [WARN] access - ::1 - - "GET / HTTP/1.1" 304 - "" "Mozilla/5.0 (Windows NT 10.0; Win64; x64) AppleWebKit/537.36 (KHTML, like Gecko) Chrome/83.0.4103.106 Safari/537.36"
[2020-06-21T11:48:42.079] [INFO] access - ::1 - - "GET /search HTTP/1.1" 200 1667 "http://localhost:3000/" "Mozilla/5.0 (Windows NT 10.0; Win64; x64) AppleWebKit/537.36 (KHTML, like Gecko) Chrome/83.0.4103.106 Safari/537.36"
[2020-06-21T11:48:43.620] [WARN] access - ::1 - - "GET /account HTTP/1.1" 302 72 "http://localhost:3000/search" "Mozilla/5.0 (Windows NT 10.0; Win64; x64) AppleWebKit/537.36 (KHTML, like Gecko) Chrome/83.0.4103.106 Safari/537.36"
[2020-06-21T11:48:43.631] [WARN] access - ::1 - - "GET /account/login HTTP/1.1" 304 - "http://localhost:3000/search" "Mozilla/5.0 (Windows NT 10.0; Win64; x64) AppleWebKit/537.36 (KHTML, like Gecko) Chrome/83.0.4103.106 Safari/537.36"
[2020-06-21T11:48:51.542] [WARN] access - ::1 - - "POST /account/login HTTP/1.1" 302 62 "http://localhost:3000/account/login" "Mozilla/5.0 (Windows NT 10.0; Win64; x64) AppleWebKit/537.36 (KHTML, like Gecko) Chrome/83.0.4103.106 Safari/537.36"
[2020-06-21T11:48:51.565] [WARN] access - ::1 - - "GET /account/ HTTP/1.1" 304 - "http://localhost:3000/account/login" "Mozilla/5.0 (Windows NT 10.0; Win64; x64) AppleWebKit/537.36 (KHTML, like Gecko) Chrome/83.0.4103.106 Safari/537.36"
[2020-06-21T11:48:56.174] [WARN] access - ::1 - - "GET /account/posts/regist HTTP/1.1" 304 - "http://localhost:3000/account/" "Mozilla/5.0 (Windows NT 10.0; Win64; x64) AppleWebKit/537.36 (KHTML, like Gecko) Chrome/83.0.4103.106 Safari/537.36"
[2020-06-21T11:49:44.956] [INFO] access - ::1 - - "POST /account/posts/regist/confirm HTTP/1.1" 200 3705 "http://localhost:3000/account/posts/regist" "Mozilla/5.0 (Windows NT 10.0; Win64; x64) AppleWebKit/537.36 (KHTML, like Gecko) Chrome/83.0.4103.106 Safari/537.36"
[2020-06-21T11:49:48.355] [WARN] access - ::1 - - "POST /account/posts/regist/execute HTTP/1.1" 302 104 "http://localhost:3000/account/posts/regist/confirm" "Mozilla/5.0 (Windows NT 10.0; Win64; x64) AppleWebKit/537.36 (KHTML, like Gecko) Chrome/83.0.4103.106 Safari/537.36"
[2020-06-21T11:49:48.378] [INFO] access - ::1 - - "GET /account/posts/regist/complete HTTP/1.1" 200 1545 "http://localhost:3000/account/posts/regist/confirm" "Mozilla/5.0 (Windows NT 10.0; Win64; x64) AppleWebKit/537.36 (KHTML, like Gecko) Chrome/83.0.4103.106 Safari/537.36"
[2020-06-21T11:49:50.702] [INFO] access - ::1 - - "GET /search HTTP/1.1" 200 2381 "http://localhost:3000/account/posts/regist/complete" "Mozilla/5.0 (Windows NT 10.0; Win64; x64) AppleWebKit/537.36 (KHTML, like Gecko) Chrome/83.0.4103.106 Safari/537.36"
[2020-06-21T11:49:51.645] [INFO] access - ::1 - - "GET /posts/hello HTTP/1.1" 200 2030 "http://localhost:3000/search" "Mozilla/5.0 (Windows NT 10.0; Win64; x64) AppleWebKit/537.36 (KHTML, like Gecko) Chrome/83.0.4103.106 Safari/537.36"
[2020-06-21T11:49:55.638] [INFO] access - ::1 - - "GET /account HTTP/1.1" 200 1811 "http://localhost:3000/posts/hello" "Mozilla/5.0 (Windows NT 10.0; Win64; x64) AppleWebKit/537.36 (KHTML, like Gecko) Chrome/83.0.4103.106 Safari/537.36"
[2020-06-21T11:49:56.710] [WARN] access - ::1 - - "GET /account/posts/regist HTTP/1.1" 304 - "http://localhost:3000/account" "Mozilla/5.0 (Windows NT 10.0; Win64; x64) AppleWebKit/537.36 (KHTML, like Gecko) Chrome/83.0.4103.106 Safari/537.36"
[2020-06-21T11:50:48.081] [INFO] access - ::1 - - "POST /account/posts/regist/confirm HTTP/1.1" 200 3737 "http://localhost:3000/account/posts/regist" "Mozilla/5.0 (Windows NT 10.0; Win64; x64) AppleWebKit/537.36 (KHTML, like Gecko) Chrome/83.0.4103.106 Safari/537.36"
[2020-06-21T11:50:53.126] [INFO] access - ::1 - - "POST /account/posts/regist/confirm HTTP/1.1" 200 3760 "http://localhost:3000/account/posts/regist/confirm" "Mozilla/5.0 (Windows NT 10.0; Win64; x64) AppleWebKit/537.36 (KHTML, like Gecko) Chrome/83.0.4103.106 Safari/537.36"
[2020-06-21T11:50:54.499] [WARN] access - ::1 - - "POST /account/posts/regist/execute HTTP/1.1" 302 104 "http://localhost:3000/account/posts/regist/confirm" "Mozilla/5.0 (Windows NT 10.0; Win64; x64) AppleWebKit/537.36 (KHTML, like Gecko) Chrome/83.0.4103.106 Safari/537.36"
[2020-06-21T11:50:54.520] [WARN] access - ::1 - - "GET /account/posts/regist/complete HTTP/1.1" 304 - "http://localhost:3000/account/posts/regist/confirm" "Mozilla/5.0 (Windows NT 10.0; Win64; x64) AppleWebKit/537.36 (KHTML, like Gecko) Chrome/83.0.4103.106 Safari/537.36"
[2020-06-21T11:50:56.496] [INFO] access - ::1 - - "GET /search HTTP/1.1" 200 2797 "http://localhost:3000/account/posts/regist/complete" "Mozilla/5.0 (Windows NT 10.0; Win64; x64) AppleWebKit/537.36 (KHTML, like Gecko) Chrome/83.0.4103.106 Safari/537.36"
[2020-06-21T11:50:57.439] [WARN] access - ::1 - - "GET /posts/hello HTTP/1.1" 304 - "http://localhost:3000/search" "Mozilla/5.0 (Windows NT 10.0; Win64; x64) AppleWebKit/537.36 (KHTML, like Gecko) Chrome/83.0.4103.106 Safari/537.36"
[2020-06-21T11:50:59.265] [INFO] access - ::1 - - "GET /posts/brog HTTP/1.1" 200 2083 "http://localhost:3000/search" "Mozilla/5.0 (Windows NT 10.0; Win64; x64) AppleWebKit/537.36 (KHTML, like Gecko) Chrome/83.0.4103.106 Safari/537.36"
[2020-06-21T11:51:01.946] [WARN] access - ::1 - - "GET /posts/hello HTTP/1.1" 304 - "http://localhost:3000/search" "Mozilla/5.0 (Windows NT 10.0; Win64; x64) AppleWebKit/537.36 (KHTML, like Gecko) Chrome/83.0.4103.106 Safari/537.36"
[2020-06-21T11:51:05.403] [WARN] access - ::1 - - "GET /posts/brog HTTP/1.1" 304 - "http://localhost:3000/search" "Mozilla/5.0 (Windows NT 10.0; Win64; x64) AppleWebKit/537.36 (KHTML, like Gecko) Chrome/83.0.4103.106 Safari/537.36"
[2020-06-21T11:51:11.412] [INFO] access - ::1 - - "GET / HTTP/1.1" 200 1752 "http://localhost:3000/search" "Mozilla/5.0 (Windows NT 10.0; Win64; x64) AppleWebKit/537.36 (KHTML, like Gecko) Chrome/83.0.4103.106 Safari/537.36"
[2020-06-21T11:51:12.866] [WARN] access - ::1 - - "GET /search HTTP/1.1" 304 - "http://localhost:3000/" "Mozilla/5.0 (Windows NT 10.0; Win64; x64) AppleWebKit/537.36 (KHTML, like Gecko) Chrome/83.0.4103.106 Safari/537.36"
[2020-06-21T11:51:13.961] [WARN] access - ::1 - - "GET /account HTTP/1.1" 304 - "http://localhost:3000/search" "Mozilla/5.0 (Windows NT 10.0; Win64; x64) AppleWebKit/537.36 (KHTML, like Gecko) Chrome/83.0.4103.106 Safari/537.36"
[2020-06-21T11:51:15.415] [WARN] access - ::1 - - "GET /search HTTP/1.1" 304 - "http://localhost:3000/account" "Mozilla/5.0 (Windows NT 10.0; Win64; x64) AppleWebKit/537.36 (KHTML, like Gecko) Chrome/83.0.4103.106 Safari/537.36"
[2020-06-21T11:51:16.144] [WARN] access - ::1 - - "GET / HTTP/1.1" 304 - "http://localhost:3000/search" "Mozilla/5.0 (Windows NT 10.0; Win64; x64) AppleWebKit/537.36 (KHTML, like Gecko) Chrome/83.0.4103.106 Safari/537.36"
[2020-06-21T11:51:17.828] [WARN] access - ::1 - - "GET /search HTTP/1.1" 304 - "http://localhost:3000/" "Mozilla/5.0 (Windows NT 10.0; Win64; x64) AppleWebKit/537.36 (KHTML, like Gecko) Chrome/83.0.4103.106 Safari/537.36"
[2020-06-21T11:51:20.186] [WARN] access - ::1 - - "GET /account HTTP/1.1" 304 - "http://localhost:3000/search" "Mozilla/5.0 (Windows NT 10.0; Win64; x64) AppleWebKit/537.36 (KHTML, like Gecko) Chrome/83.0.4103.106 Safari/537.36"
[2020-06-21T11:51:22.624] [WARN] access - ::1 - - "GET /search HTTP/1.1" 304 - "http://localhost:3000/account" "Mozilla/5.0 (Windows NT 10.0; Win64; x64) AppleWebKit/537.36 (KHTML, like Gecko) Chrome/83.0.4103.106 Safari/537.36"
[2020-06-21T11:51:23.296] [WARN] access - ::1 - - "GET / HTTP/1.1" 304 - "http://localhost:3000/search" "Mozilla/5.0 (Windows NT 10.0; Win64; x64) AppleWebKit/537.36 (KHTML, like Gecko) Chrome/83.0.4103.106 Safari/537.36"
[2020-06-21T15:35:16.361] [INFO] access - ::1 - - "GET /search HTTP/1.1" 200 2580 "http://localhost:3000/" "Mozilla/5.0 (Windows NT 10.0; Win64; x64) AppleWebKit/537.36 (KHTML, like Gecko) Chrome/83.0.4103.106 Safari/537.36"
[2020-06-21T15:35:31.722] [INFO] access - ::1 - - "GET / HTTP/1.1" 200 1535 "http://localhost:3000/search" "Mozilla/5.0 (Windows NT 10.0; Win64; x64) AppleWebKit/537.36 (KHTML, like Gecko) Chrome/83.0.4103.106 Safari/537.36"
[2020-06-21T15:35:49.227] [WARN] access - ::1 - - "GET /search HTTP/1.1" 304 - "http://localhost:3000/" "Mozilla/5.0 (Windows NT 10.0; Win64; x64) AppleWebKit/537.36 (KHTML, like Gecko) Chrome/83.0.4103.106 Safari/537.36"
[2020-06-21T15:36:19.289] [WARN] access - ::1 - - "GET /account HTTP/1.1" 302 72 "http://localhost:3000/search" "Mozilla/5.0 (Windows NT 10.0; Win64; x64) AppleWebKit/537.36 (KHTML, like Gecko) Chrome/83.0.4103.106 Safari/537.36"
[2020-06-21T15:36:19.301] [INFO] access - ::1 - - "GET /account/login HTTP/1.1" 200 2324 "http://localhost:3000/search" "Mozilla/5.0 (Windows NT 10.0; Win64; x64) AppleWebKit/537.36 (KHTML, like Gecko) Chrome/83.0.4103.106 Safari/537.36"
[2020-06-21T15:36:46.186] [WARN] access - ::1 - - "POST /account/login HTTP/1.1" 302 62 "http://localhost:3000/account/login" "Mozilla/5.0 (Windows NT 10.0; Win64; x64) AppleWebKit/537.36 (KHTML, like Gecko) Chrome/83.0.4103.106 Safari/537.36"
[2020-06-21T15:36:46.207] [WARN] access - ::1 - - "GET /account/ HTTP/1.1" 304 - "http://localhost:3000/account/login" "Mozilla/5.0 (Windows NT 10.0; Win64; x64) AppleWebKit/537.36 (KHTML, like Gecko) Chrome/83.0.4103.106 Safari/537.36"
[2020-06-21T15:37:14.466] [WARN] access - ::1 - - "GET /account/posts/regist HTTP/1.1" 304 - "http://localhost:3000/account/" "Mozilla/5.0 (Windows NT 10.0; Win64; x64) AppleWebKit/537.36 (KHTML, like Gecko) Chrome/83.0.4103.106 Safari/537.36"
[2020-06-21T15:37:43.481] [ERROR] access - ::1 - - "GET /account/posts/regist/aa HTTP/1.1" 500 4534 "" "Mozilla/5.0 (Windows NT 10.0; Win64; x64) AppleWebKit/537.36 (KHTML, like Gecko) Chrome/83.0.4103.106 Safari/537.36"
[2020-06-21T15:38:05.098] [ERROR] access - ::1 - - "GET /account/posts/regist/aa HTTP/1.1" 404 2132 "" "Mozilla/5.0 (Windows NT 10.0; Win64; x64) AppleWebKit/537.36 (KHTML, like Gecko) Chrome/83.0.4103.106 Safari/537.36"
[2020-06-21T15:39:18.357] [WARN] access - ::1 - - "GET /search HTTP/1.1" 304 - "http://localhost:3000/account/posts/regist/aa" "Mozilla/5.0 (Windows NT 10.0; Win64; x64) AppleWebKit/537.36 (KHTML, like Gecko) Chrome/83.0.4103.106 Safari/537.36"
[2020-06-21T15:39:26.096] [INFO] access - ::1 - - "GET /posts/hello HTTP/1.1" 200 1813 "http://localhost:3000/search" "Mozilla/5.0 (Windows NT 10.0; Win64; x64) AppleWebKit/537.36 (KHTML, like Gecko) Chrome/83.0.4103.106 Safari/537.36"
[2020-06-21T15:41:12.419] [INFO] access - ::1 - - "GET /search HTTP/1.1" 200 2216 "http://localhost:3000/account/posts/regist/aa" "Mozilla/5.0 (Windows NT 10.0; Win64; x64) AppleWebKit/537.36 (KHTML, like Gecko) Chrome/83.0.4103.106 Safari/537.36"
[2020-06-21T15:41:14.254] [WARN] access - ::1 - - "GET /account HTTP/1.1" 302 72 "http://localhost:3000/search" "Mozilla/5.0 (Windows NT 10.0; Win64; x64) AppleWebKit/537.36 (KHTML, like Gecko) Chrome/83.0.4103.106 Safari/537.36"
[2020-06-21T15:41:14.265] [INFO] access - ::1 - - "GET /account/login HTTP/1.1" 200 2324 "http://localhost:3000/search" "Mozilla/5.0 (Windows NT 10.0; Win64; x64) AppleWebKit/537.36 (KHTML, like Gecko) Chrome/83.0.4103.106 Safari/537.36"
[2020-06-21T15:41:18.125] [WARN] access - ::1 - - "POST /account/login HTTP/1.1" 302 62 "http://localhost:3000/account/login" "Mozilla/5.0 (Windows NT 10.0; Win64; x64) AppleWebKit/537.36 (KHTML, like Gecko) Chrome/83.0.4103.106 Safari/537.36"
[2020-06-21T15:41:18.147] [WARN] access - ::1 - - "GET /account/ HTTP/1.1" 304 - "http://localhost:3000/account/login" "Mozilla/5.0 (Windows NT 10.0; Win64; x64) AppleWebKit/537.36 (KHTML, like Gecko) Chrome/83.0.4103.106 Safari/537.36"
[2020-06-21T15:41:19.635] [WARN] access - ::1 - - "GET /account/posts/regist HTTP/1.1" 304 - "http://localhost:3000/account/" "Mozilla/5.0 (Windows NT 10.0; Win64; x64) AppleWebKit/537.36 (KHTML, like Gecko) Chrome/83.0.4103.106 Safari/537.36"
[2020-06-21T15:41:59.073] [INFO] access - ::1 - - "POST /account/posts/regist/confirm HTTP/1.1" 200 3654 "http://localhost:3000/account/posts/regist" "Mozilla/5.0 (Windows NT 10.0; Win64; x64) AppleWebKit/537.36 (KHTML, like Gecko) Chrome/83.0.4103.106 Safari/537.36"
[2020-06-21T15:42:00.476] [WARN] access - ::1 - - "POST /account/posts/regist/execute HTTP/1.1" 302 104 "http://localhost:3000/account/posts/regist/confirm" "Mozilla/5.0 (Windows NT 10.0; Win64; x64) AppleWebKit/537.36 (KHTML, like Gecko) Chrome/83.0.4103.106 Safari/537.36"
[2020-06-21T15:42:00.498] [WARN] access - ::1 - - "GET /account/posts/regist/complete HTTP/1.1" 304 - "http://localhost:3000/account/posts/regist/confirm" "Mozilla/5.0 (Windows NT 10.0; Win64; x64) AppleWebKit/537.36 (KHTML, like Gecko) Chrome/83.0.4103.106 Safari/537.36"
[2020-06-21T15:42:02.259] [INFO] access - ::1 - - "GET /search HTTP/1.1" 200 2746 "http://localhost:3000/account/posts/regist/complete" "Mozilla/5.0 (Windows NT 10.0; Win64; x64) AppleWebKit/537.36 (KHTML, like Gecko) Chrome/83.0.4103.106 Safari/537.36"
[2020-06-21T15:42:03.984] [INFO] access - ::1 - - "GET /posts/blog HTTP/1.1" 200 1980 "http://localhost:3000/search" "Mozilla/5.0 (Windows NT 10.0; Win64; x64) AppleWebKit/537.36 (KHTML, like Gecko) Chrome/83.0.4103.106 Safari/537.36"
[2020-06-21T15:42:06.874] [WARN] access - ::1 - - "GET /search HTTP/1.1" 304 - "http://localhost:3000/posts/blog" "Mozilla/5.0 (Windows NT 10.0; Win64; x64) AppleWebKit/537.36 (KHTML, like Gecko) Chrome/83.0.4103.106 Safari/537.36"
[2020-06-21T15:42:30.021] [WARN] access - ::1 - - "GET /posts/blog HTTP/1.1" 304 - "http://localhost:3000/search" "Mozilla/5.0 (Windows NT 10.0; Win64; x64) AppleWebKit/537.36 (KHTML, like Gecko) Chrome/83.0.4103.106 Safari/537.36"
